<?xml version="1.0" encoding="UTF-8"?>
<testsuite xmlns:xsi="http://www.w3.org/2001/XMLSchema-instance" xsi:noNamespaceSchemaLocation="https://maven.apache.org/surefire/maven-surefire-plugin/xsd/surefire-test-report-3.0.xsd" version="3.0" name="TestSuite" time="2.225" tests="3" errors="0" skipped="0" failures="3">
  <properties>
[...]
</properties>
  <testcase name="runScenario[&quot;Search Experience for product search in both home and Offers page&quot;, &quot;Optional[Search and Place the order for Products]&quot;](2)" classname="cucumberOptions.TestNGTestRunner" time="0.39">
    <failure message="The driver executable must exist: D:\Cucumber with BDD By Rahul Shetty\CucumberFrameworkE:\Installables\Driver\chromedriver-win64\chromedriver-win64" type="java.lang.IllegalStateException"><![CDATA[java.lang.IllegalStateException: The driver executable must exist: D:\Cucumber with BDD By Rahul Shetty\CucumberFrameworkE:\Installables\Driver\chromedriver-win64\chromedriver-win64
]]></failure>
  </testcase>
  <testcase name="runScenario[&quot;Search Experience for product search in both home and Offers page&quot;, &quot;Optional[Place the order for Products]&quot;](2)" classname="cucumberOptions.TestNGTestRunner" time="0.39">
    <failure message="The driver executable must exist: D:\Cucumber with BDD By Rahul Shetty\CucumberFrameworkE:\Installables\Driver\chromedriver-win64\chromedriver-win64" type="java.lang.IllegalStateException"><![CDATA[java.lang.IllegalStateException: The driver executable must exist: D:\Cucumber with BDD By Rahul Shetty\CucumberFrameworkE:\Installables\Driver\chromedriver-win64\chromedriver-win64
]]></failure>
  </testcase>
  <testcase name="runScenario[&quot;Search Experience for product search in both home and Offers page&quot;, &quot;Optional[Search and Place the order for Products]&quot;](3)" classname="cucumberOptions.TestNGTestRunner" time="0.39">
    <failure message="The driver executable must exist: D:\Cucumber with BDD By Rahul Shetty\CucumberFrameworkE:\Installables\Driver\chromedriver-win64\chromedriver-win64" type="java.lang.IllegalStateException"><![CDATA[java.lang.IllegalStateException: The driver executable must exist: D:\Cucumber with BDD By Rahul Shetty\CucumberFrameworkE:\Installables\Driver\chromedriver-win64\chromedriver-win64
]]></failure>
  </testcase>
</testsuite>